# JRE version: OpenJDK Runtime Environment (11.0.11+9) (build 11.0.11+9-b60-7590822)
# Java VM: OpenJDK 64-Bit Server VM (11.0.11+9-b60-7590822, mixed mode, tiered, compressed oops, g1 gc, windows-amd64)
Heap:
 garbage-first heap   total 1117184K, used 211147K [0x0000000080000000, 0x0000000100000000)
  region size 1024K, 2 young (2048K), 2 survivors (2048K)
 Metaspace       used 99565K, capacity 102296K, committed 102524K, reserved 1138688K
  class space    used 12964K, capacity 13973K, committed 14080K, reserved 1048576K
GC Heap History (20 events):
Event: 89.545 GC heap after
{Heap after GC invocations=86 (full 0):
 garbage-first heap   total 231424K, used 180224K [0x0000000080000000, 0x0000000100000000)
  region size 1024K, 4 young (4096K), 4 survivors (4096K)
 Metaspace       used 95470K, capacity 97993K, committed 98300K, reserved 1134592K
  class space    used 12441K, capacity 13340K, committed 13440K, reserved 1048576K
}
Event: 90.058 GC heap before
{Heap before GC invocations=86 (full 0):
 garbage-first heap   total 231424K, used 193536K [0x0000000080000000, 0x0000000100000000)
  region size 1024K, 17 young (17408K), 4 survivors (4096K)
 Metaspace       used 95472K, capacity 97993K, committed 98300K, reserved 1134592K
  class space    used 12441K, capacity 13340K, committed 13440K, reserved 1048576K
}
Event: 90.076 GC heap after
{Heap after GC invocations=87 (full 0):
 garbage-first heap   total 231424K, used 187904K [0x0000000080000000, 0x0000000100000000)
  region size 1024K, 3 young (3072K), 3 survivors (3072K)
 Metaspace       used 95472K, capacity 97993K, committed 98300K, reserved 1134592K
  class space    used 12441K, capacity 13340K, committed 13440K, reserved 1048576K
}
Event: 90.128 GC heap before
{Heap before GC invocations=87 (full 0):
 garbage-first heap   total 231424K, used 197120K [0x0000000080000000, 0x0000000100000000)
  region size 1024K, 12 young (12288K), 3 survivors (3072K)
 Metaspace       used 95473K, capacity 97993K, committed 98300K, reserved 1134592K
  class space    used 12441K, capacity 13340K, committed 13440K, reserved 1048576K
}
Event: 90.142 GC heap after
{Heap after GC invocations=88 (full 0):
 garbage-first heap   total 231424K, used 193383K [0x0000000080000000, 0x0000000100000000)
  region size 1024K, 2 young (2048K), 2 survivors (2048K)
 Metaspace       used 95473K, capacity 97993K, committed 98300K, reserved 1134592K
  class space    used 12441K, capacity 13340K, committed 13440K, reserved 1048576K
}
Event: 90.321 GC heap before
{Heap before GC invocations=88 (full 0):
 garbage-first heap   total 231424K, used 201575K [0x0000000080000000, 0x0000000100000000)
  region size 1024K, 11 young (11264K), 2 survivors (2048K)
 Metaspace       used 95473K, capacity 97993K, committed 98300K, reserved 1134592K
  class space    used 12441K, capacity 13340K, committed 13440K, reserved 1048576K
}
Event: 90.389 GC heap after
{Heap after GC invocations=89 (full 0):
 garbage-first heap   total 231424K, used 198266K [0x0000000080000000, 0x0000000100000000)
  region size 1024K, 2 young (2048K), 2 survivors (2048K)
 Metaspace       used 95473K, capacity 97993K, committed 98300K, reserved 1134592K
  class space    used 12441K, capacity 13340K, committed 13440K, reserved 1048576K
}
Event: 93.302 GC heap before
{Heap before GC invocations=90 (full 0):
 garbage-first heap   total 231424K, used 207482K [0x0000000080000000, 0x0000000100000000)
  region size 1024K, 11 young (11264K), 2 survivors (2048K)
 Metaspace       used 96135K, capacity 98649K, committed 98940K, reserved 1134592K
  class space    used 12545K, capacity 13452K, committed 13568K, reserved 1048576K
}
Event: 93.340 GC heap after
{Heap after GC invocations=91 (full 0):
 garbage-first heap   total 462848K, used 201682K [0x0000000080000000, 0x0000000100000000)
  region size 1024K, 2 young (2048K), 2 survivors (2048K)
 Metaspace       used 96135K, capacity 98649K, committed 98940K, reserved 1134592K
  class space    used 12545K, capacity 13452K, committed 13568K, reserved 1048576K
}
Event: 96.629 GC heap before
{Heap before GC invocations=91 (full 0):
 garbage-first heap   total 462848K, used 222162K [0x0000000080000000, 0x0000000100000000)
  region size 1024K, 22 young (22528K), 2 survivors (2048K)
 Metaspace       used 97693K, capacity 100202K, committed 100348K, reserved 1136640K
  class space    used 12727K, capacity 13656K, committed 13696K, reserved 1048576K
}
Event: 96.655 GC heap after
{Heap after GC invocations=92 (full 0):
 garbage-first heap   total 462848K, used 205457K [0x0000000080000000, 0x0000000100000000)
  region size 1024K, 3 young (3072K), 3 survivors (3072K)
 Metaspace       used 97693K, capacity 100202K, committed 100348K, reserved 1136640K
  class space    used 12727K, capacity 13656K, committed 13696K, reserved 1048576K
}
Event: 105.523 GC heap before
{Heap before GC invocations=92 (full 0):
 garbage-first heap   total 462848K, used 270993K [0x0000000080000000, 0x0000000100000000)
  region size 1024K, 68 young (69632K), 3 survivors (3072K)
 Metaspace       used 99355K, capacity 102037K, committed 102268K, reserved 1138688K
  class space    used 12956K, capacity 13958K, committed 14080K, reserved 1048576K
}
Event: 106.453 GC heap after
{Heap after GC invocations=93 (full 0):
 garbage-first heap   total 462848K, used 212366K [0x0000000080000000, 0x0000000100000000)
  region size 1024K, 9 young (9216K), 9 survivors (9216K)
 Metaspace       used 99355K, capacity 102037K, committed 102268K, reserved 1138688K
  class space    used 12956K, capacity 13958K, committed 14080K, reserved 1048576K
}
Event: 106.930 GC heap before
{Heap before GC invocations=93 (full 0):
 garbage-first heap   total 462848K, used 225678K [0x0000000080000000, 0x0000000100000000)
  region size 1024K, 22 young (22528K), 9 survivors (9216K)
 Metaspace       used 99365K, capacity 102038K, committed 102268K, reserved 1138688K
  class space    used 12956K, capacity 13958K, committed 14080K, reserved 1048576K
}
Event: 107.499 GC heap after
{Heap after GC invocations=94 (full 0):
 garbage-first heap   total 462848K, used 214806K [0x0000000080000000, 0x0000000100000000)
  region size 1024K, 2 young (2048K), 2 survivors (2048K)
 Metaspace       used 99365K, capacity 102038K, committed 102268K, reserved 1138688K
  class space    used 12956K, capacity 13958K, committed 14080K, reserved 1048576K
}
Event: 107.818 GC heap before
{Heap before GC invocations=94 (full 0):
 garbage-first heap   total 462848K, used 215830K [0x0000000080000000, 0x0000000100000000)
  region size 1024K, 4 young (4096K), 2 survivors (2048K)
 Metaspace       used 99367K, capacity 102038K, committed 102268K, reserved 1138688K
  class space    used 12956K, capacity 13958K, committed 14080K, reserved 1048576K
}
Event: 110.118 GC heap after
{Heap after GC invocations=95 (full 0):
 garbage-first heap   total 462848K, used 214881K [0x0000000080000000, 0x0000000100000000)
  region size 1024K, 2 young (2048K), 2 survivors (2048K)
 Metaspace       used 99367K, capacity 102038K, committed 102268K, reserved 1138688K
  class space    used 12956K, capacity 13958K, committed 14080K, reserved 1048576K
}
Event: 115.747 GC heap before
{Heap before GC invocations=96 (full 0):
 garbage-first heap   total 462848K, used 230241K [0x0000000080000000, 0x0000000100000000)
  region size 1024K, 22 young (22528K), 2 survivors (2048K)
 Metaspace       used 99317K, capacity 101943K, committed 102268K, reserved 1138688K
  class space    used 12937K, capacity 13923K, committed 14080K, reserved 1048576K
}
Event: 116.197 GC heap after
{Heap after GC invocations=97 (full 0):
 garbage-first heap   total 462848K, used 211409K [0x0000000080000000, 0x0000000100000000)
  region size 1024K, 3 young (3072K), 3 survivors (3072K)
 Metaspace       used 99317K, capacity 101943K, committed 102268K, reserved 1138688K
  class space    used 12937K, capacity 13923K, committed 14080K, reserved 1048576K
}
Event: 122.154 GC heap before
{Heap before GC invocations=97 (full 0):
 garbage-first heap   total 462848K, used 234961K [0x0000000080000000, 0x0000000100000000)
  region size 1024K, 22 young (22528K), 3 survivors (3072K)
 Metaspace       used 99565K, capacity 102296K, committed 102524K, reserved 1138688K
  class space    used 12964K, capacity 13973K, committed 14080K, reserved 1048576K
}

